<?xml version="1.0" encoding="UTF-8"?>
<!-- Generated by org.testng.reporters.JUnitReportReporter -->
<testsuite hostname="LAPTOP-6PRUFD7E" failures="0" tests="1" name="WaterFallTestRunner.WaterFallTestRunner" time="32.946" errors="0" timestamp="2023-04-25T22:29:02 EDT" skipped="0">
  <testcase classname="WaterFallTestRunner.WaterFallTestRunner" name="feature" time="32.946"/>
  <system-out/>
</testsuite> <!-- WaterFallTestRunner.WaterFallTestRunner -->
